<?xml version="1.0" encoding="UTF-8"?>
<testng-results ignored="0" total="1" passed="1" failed="0" skipped="0">
  <reporter-output>
  </reporter-output>
  <suite started-at="2022-11-14T11:27:28Z" name="Testing_Suite" finished-at="2022-11-14T11:27:47Z" duration-ms="19713">
    <groups>
      <group name="cucumber">
        <method signature="AbstractTestNGCucumberTests.feature(cucumber.api.testng.CucumberFeatureWrapper)[pri:0, instance:Runnerfile.Runner@139982de]" name="feature" class="cucumber.api.testng.AbstractTestNGCucumberTests"/>
      </group> <!-- cucumber -->
    </groups>
    <test started-at="2022-11-14T11:27:28Z" name="RegressionTest" finished-at="2022-11-14T11:27:47Z" duration-ms="19713">
      <class name="Runnerfile.Runner">
        <test-method is-config="true" signature="setUpClass()[pri:0, instance:Runnerfile.Runner@139982de]" started-at="2022-11-14T16:57:28Z" name="setUpClass" finished-at="2022-11-14T16:57:28Z" duration-ms="730" status="PASS">
          <reporter-output>
          </reporter-output>
        </test-method> <!-- setUpClass -->
        <test-method signature="feature(cucumber.api.testng.CucumberFeatureWrapper)[pri:0, instance:Runnerfile.Runner@139982de]" started-at="2022-11-14T16:57:29Z" name="feature" description="Runs Cucumber Feature" data-provider="features" finished-at="2022-11-14T16:57:47Z" duration-ms="18113" status="PASS">
          <params>
            <param index="0">
              <value>
                <![CDATA[Login feature file]]>
              </value>
            </param>
          </params>
          <reporter-output>
          </reporter-output>
        </test-method> <!-- feature -->
        <test-method is-config="true" signature="tearDownClass()[pri:0, instance:Runnerfile.Runner@139982de]" started-at="2022-11-14T16:57:47Z" name="tearDownClass" finished-at="2022-11-14T16:57:47Z" duration-ms="601" status="PASS">
          <reporter-output>
          </reporter-output>
        </test-method> <!-- tearDownClass -->
      </class> <!-- Runnerfile.Runner -->
    </test> <!-- RegressionTest -->
  </suite> <!-- Testing_Suite -->
</testng-results>
