<?xml version="1.0" encoding="UTF-8"?>
<testng-results ignored="0" total="1" passed="1" failed="0" skipped="0">
  <reporter-output>
  </reporter-output>
  <suite started-at="2022-11-15T05:08:20Z" name="Default suite" finished-at="2022-11-15T05:08:36Z" duration-ms="15295">
    <groups>
      <group name="cucumber">
        <method signature="AbstractTestNGCucumberTests.feature(cucumber.api.testng.CucumberFeatureWrapper)[pri:0, instance:Runnerfile.Runner@345f69f3]" name="feature" class="cucumber.api.testng.AbstractTestNGCucumberTests"/>
      </group> <!-- cucumber -->
    </groups>
    <test started-at="2022-11-15T05:08:20Z" name="Default test" finished-at="2022-11-15T05:08:36Z" duration-ms="15295">
      <class name="Runnerfile.Runner">
        <test-method is-config="true" signature="setUpClass()[pri:0, instance:Runnerfile.Runner@345f69f3]" started-at="2022-11-15T10:38:20Z" name="setUpClass" finished-at="2022-11-15T10:38:21Z" duration-ms="380" status="PASS">
          <reporter-output>
          </reporter-output>
        </test-method> <!-- setUpClass -->
        <test-method signature="feature(cucumber.api.testng.CucumberFeatureWrapper)[pri:0, instance:Runnerfile.Runner@345f69f3]" started-at="2022-11-15T10:38:21Z" name="feature" description="Runs Cucumber Feature" data-provider="features" finished-at="2022-11-15T10:38:35Z" duration-ms="14488" status="PASS">
          <params>
            <param index="0">
              <value>
                <![CDATA[Login feature file]]>
              </value>
            </param>
          </params>
          <reporter-output>
          </reporter-output>
        </test-method> <!-- feature -->
        <test-method is-config="true" signature="tearDownClass()[pri:0, instance:Runnerfile.Runner@345f69f3]" started-at="2022-11-15T10:38:35Z" name="tearDownClass" finished-at="2022-11-15T10:38:36Z" duration-ms="314" status="PASS">
          <reporter-output>
          </reporter-output>
        </test-method> <!-- tearDownClass -->
      </class> <!-- Runnerfile.Runner -->
    </test> <!-- Default test -->
  </suite> <!-- Default suite -->
</testng-results>
